# JRE version: Java(TM) SE Runtime Environment (26.0.1+8) (build 26.0.1+8-34)
# Java VM: Java HotSpot(TM) 64-Bit Server VM (26.0.1+8-34, mixed mode, sharing, tiered, compressed oops, compressed class ptrs, g1 gc, windows-amd64)
GC Precious Log:
 CardTable entry size: 512
 Card Set container configuration: InlinePtr #cards 5 size 8 Array Of Cards #cards 10 size 36 Howl #buckets 4 coarsen threshold 1843 Howl Bitmap #cards 512 size 80 coarsen threshold 460 Card regions per heap region 1 cards per card region 2048
 CPUs: 8 total, 8 available
 Memory: 7998M
 Large Page Support: Disabled
 NUMA Support: Disabled
 Compressed Oops: Enabled (32-bit)
 Heap Region Size: 1M
 Heap Min Capacity: 8M
 Heap Initial Capacity: 8M
 Heap Max Capacity: 2000M
 Pre-touch: Disabled
 Parallel Workers: 8
 Concurrent Workers: 2
 Concurrent Refinement Workers: 8
 Periodic GC: Disabled
Heap:
 garbage-first heap   total reserved 2048000K, committed 96256K, used 59655K [0x0000000083000000, 0x0000000100000000)
  region size 1M, 0 eden (0M), 4 survivor (4M), 43 old (43M), 12 humongous (12M), 35 free (35M)
GC Heap Usage History (20 events):
Event: 2.032 {heap After GC invocations=9 (full 0):
 garbage-first heap   total reserved 2048000K, committed 28672K, used 10787K [0x0000000083000000, 0x0000000100000000)
  region size 1M, 0 eden (0M), 2 survivor (2M), 9 old (9M), 0 humongous (0M), 17 free (17M)
}
Event: 2.187 {heap Before GC invocations=9 (full 0):
 garbage-first heap   total reserved 2048000K, committed 28672K, used 23075K [0x0000000083000000, 0x0000000100000000)
  region size 1M, 12 eden (12M), 2 survivor (2M), 9 old (9M), 0 humongous (0M), 5 free (5M)
}
Event: 2.193 {heap After GC invocations=10 (full 0):
 garbage-first heap   total reserved 2048000K, committed 28672K, used 12329K [0x0000000083000000, 0x0000000100000000)
  region size 1M, 0 eden (0M), 2 survivor (2M), 11 old (11M), 0 humongous (0M), 15 free (15M)
}
Event: 2.389 {heap Before GC invocations=10 (full 0):
 garbage-first heap   total reserved 2048000K, committed 28672K, used 23593K [0x0000000083000000, 0x0000000100000000)
  region size 1M, 11 eden (11M), 2 survivor (2M), 11 old (11M), 0 humongous (0M), 4 free (4M)
}
Event: 2.398 {heap After GC invocations=11 (full 0):
 garbage-first heap   total reserved 2048000K, committed 50176K, used 14508K [0x0000000083000000, 0x0000000100000000)
  region size 1M, 0 eden (0M), 2 survivor (2M), 13 old (13M), 0 humongous (0M), 34 free (34M)
}
Event: 2.898 {heap Before GC invocations=11 (full 0):
 garbage-first heap   total reserved 2048000K, committed 50176K, used 41132K [0x0000000083000000, 0x0000000100000000)
  region size 1M, 26 eden (26M), 2 survivor (2M), 13 old (13M), 0 humongous (0M), 8 free (8M)
}
Event: 2.903 {heap After GC invocations=12 (full 0):
 garbage-first heap   total reserved 2048000K, committed 50176K, used 16269K [0x0000000083000000, 0x0000000100000000)
  region size 1M, 0 eden (0M), 4 survivor (4M), 13 old (13M), 0 humongous (0M), 32 free (32M)
}
Event: 3.476 {heap Before GC invocations=12 (full 0):
 garbage-first heap   total reserved 2048000K, committed 50176K, used 40845K [0x0000000083000000, 0x0000000100000000)
  region size 1M, 25 eden (25M), 4 survivor (4M), 13 old (13M), 0 humongous (0M), 7 free (7M)
}
Event: 3.481 {heap After GC invocations=13 (full 0):
 garbage-first heap   total reserved 2048000K, committed 50176K, used 16277K [0x0000000083000000, 0x0000000100000000)
  region size 1M, 0 eden (0M), 3 survivor (3M), 14 old (14M), 0 humongous (0M), 32 free (32M)
}
Event: 3.555 {heap Before GC invocations=13 (full 0):
 garbage-first heap   total reserved 2048000K, committed 50176K, used 28565K [0x0000000083000000, 0x0000000100000000)
  region size 1M, 5 eden (5M), 3 survivor (3M), 14 old (14M), 8 humongous (8M), 19 free (19M)
}
Event: 3.559 {heap After GC invocations=14 (full 0):
 garbage-first heap   total reserved 2048000K, committed 50176K, used 25077K [0x0000000083000000, 0x0000000100000000)
  region size 1M, 0 eden (0M), 2 survivor (2M), 15 old (15M), 8 humongous (8M), 24 free (24M)
}
Event: 4.063 {heap Before GC invocations=15 (full 0):
 garbage-first heap   total reserved 2048000K, committed 70656K, used 70133K [0x0000000083000000, 0x0000000100000000)
  region size 1M, 19 eden (19M), 2 survivor (2M), 15 old (15M), 33 humongous (33M), 0 free (0M)
}
Event: 4.069 {heap After GC invocations=16 (full 0):
 garbage-first heap   total reserved 2048000K, committed 73728K, used 17984K [0x0000000083000000, 0x0000000100000000)
  region size 1M, 0 eden (0M), 2 survivor (2M), 16 old (16M), 0 humongous (0M), 54 free (54M)
}
Event: 4.730 {heap Before GC invocations=16 (full 0):
 garbage-first heap   total reserved 2048000K, committed 73728K, used 67136K [0x0000000083000000, 0x0000000100000000)
  region size 1M, 41 eden (41M), 2 survivor (2M), 16 old (16M), 8 humongous (8M), 5 free (5M)
}
Event: 4.749 {heap After GC invocations=17 (full 0):
 garbage-first heap   total reserved 2048000K, committed 84992K, used 39936K [0x0000000083000000, 0x0000000100000000)
  region size 1M, 0 eden (0M), 6 survivor (6M), 25 old (25M), 8 humongous (8M), 44 free (44M)
}
Event: 5.392 {heap Before GC invocations=17 (full 0):
 garbage-first heap   total reserved 2048000K, committed 84992K, used 69632K [0x0000000083000000, 0x0000000100000000)
  region size 1M, 28 eden (28M), 6 survivor (6M), 25 old (25M), 10 humongous (10M), 14 free (14M)
}
Event: 5.402 {heap After GC invocations=18 (full 0):
 garbage-first heap   total reserved 2048000K, committed 84992K, used 39713K [0x0000000083000000, 0x0000000100000000)
  region size 1M, 0 eden (0M), 3 survivor (3M), 29 old (29M), 7 humongous (7M), 44 free (44M)
}
Event: 5.600 {heap Before GC invocations=19 (full 0):
 garbage-first heap   total reserved 2048000K, committed 84992K, used 77601K [0x0000000083000000, 0x0000000100000000)
  region size 1M, 31 eden (31M), 3 survivor (3M), 29 old (29M), 13 humongous (13M), 7 free (7M)
}
Event: 5.621 {heap After GC invocations=20 (full 0):
 garbage-first heap   total reserved 2048000K, committed 96256K, used 60928K [0x0000000083000000, 0x0000000100000000)
  region size 1M, 0 eden (0M), 5 survivor (5M), 42 old (42M), 13 humongous (13M), 34 free (34M)
}
Event: 5.875 {heap Before GC invocations=20 (full 0):
 garbage-first heap   total reserved 2048000K, committed 96256K, used 83456K [0x0000000083000000, 0x0000000100000000)
  region size 1M, 21 eden (21M), 5 survivor (5M), 42 old (42M), 14 humongous (14M), 12 free (12M)
}

