# JRE version: Java(TM) SE Runtime Environment (26.0.1+8) (build 26.0.1+8-34)
# Java VM: Java HotSpot(TM) 64-Bit Server VM (26.0.1+8-34, mixed mode, sharing, tiered, compressed oops, compressed class ptrs, g1 gc, windows-amd64)
GC Precious Log:
 CardTable entry size: 512
 Card Set container configuration: InlinePtr #cards 5 size 8 Array Of Cards #cards 10 size 36 Howl #buckets 4 coarsen threshold 1843 Howl Bitmap #cards 512 size 80 coarsen threshold 460 Card regions per heap region 1 cards per card region 2048
 CPUs: 8 total, 8 available
 Memory: 7998M
 Large Page Support: Disabled
 NUMA Support: Disabled
 Compressed Oops: Enabled (32-bit)
 Heap Region Size: 1M
 Heap Min Capacity: 8M
 Heap Initial Capacity: 8M
 Heap Max Capacity: 2000M
 Pre-touch: Disabled
 Parallel Workers: 8
 Concurrent Workers: 2
 Concurrent Refinement Workers: 8
 Periodic GC: Disabled
Heap:
 garbage-first heap   total reserved 2048000K, committed 92160K, used 34793K [0x0000000083000000, 0x0000000100000000)
  region size 1M, 19 eden (19M), 2 survivor (2M), 14 old (14M), 0 humongous (0M), 55 free (55M)
GC Heap Usage History (20 events):
Event: 4.037 {heap Before GC invocations=11 (full 0):
 garbage-first heap   total reserved 2048000K, committed 10240K, used 7623K [0x0000000083000000, 0x0000000100000000)
  region size 1M, 3 eden (3M), 1 survivor (1M), 4 old (4M), 0 humongous (0M), 2 free (2M)
}
Event: 4.041 {heap After GC invocations=12 (full 0):
 garbage-first heap   total reserved 2048000K, committed 30720K, used 4545K [0x0000000083000000, 0x0000000100000000)
  region size 1M, 0 eden (0M), 1 survivor (1M), 4 old (4M), 0 humongous (0M), 25 free (25M)
}
Event: 5.616 {heap Before GC invocations=13 (full 0):
 garbage-first heap   total reserved 2048000K, committed 30720K, used 20929K [0x0000000083000000, 0x0000000100000000)
  region size 1M, 17 eden (17M), 1 survivor (1M), 4 old (4M), 0 humongous (0M), 8 free (8M)
}
Event: 5.622 {heap After GC invocations=14 (full 0):
 garbage-first heap   total reserved 2048000K, committed 30720K, used 5450K [0x0000000083000000, 0x0000000100000000)
  region size 1M, 0 eden (0M), 2 survivor (2M), 4 old (4M), 0 humongous (0M), 24 free (24M)
}
Event: 7.010 {heap Before GC invocations=14 (full 0):
 garbage-first heap   total reserved 2048000K, committed 30720K, used 20810K [0x0000000083000000, 0x0000000100000000)
  region size 1M, 16 eden (16M), 2 survivor (2M), 4 old (4M), 0 humongous (0M), 8 free (8M)
}
Event: 7.023 {heap After GC invocations=15 (full 0):
 garbage-first heap   total reserved 2048000K, committed 30720K, used 7090K [0x0000000083000000, 0x0000000100000000)
  region size 1M, 0 eden (0M), 3 survivor (3M), 4 old (4M), 0 humongous (0M), 23 free (23M)
}
Event: 8.270 {heap Before GC invocations=15 (full 0):
 garbage-first heap   total reserved 2048000K, committed 30720K, used 22450K [0x0000000083000000, 0x0000000100000000)
  region size 1M, 15 eden (15M), 3 survivor (3M), 4 old (4M), 0 humongous (0M), 8 free (8M)
}
Event: 8.290 {heap After GC invocations=16 (full 0):
 garbage-first heap   total reserved 2048000K, committed 30720K, used 9361K [0x0000000083000000, 0x0000000100000000)
  region size 1M, 0 eden (0M), 3 survivor (3M), 7 old (7M), 0 humongous (0M), 20 free (20M)
}
Event: 8.927 {heap Before GC invocations=16 (full 0):
 garbage-first heap   total reserved 2048000K, committed 30720K, used 24721K [0x0000000083000000, 0x0000000100000000)
  region size 1M, 15 eden (15M), 3 survivor (3M), 7 old (7M), 0 humongous (0M), 5 free (5M)
}
Event: 8.941 {heap After GC invocations=17 (full 0):
 garbage-first heap   total reserved 2048000K, committed 30720K, used 10883K [0x0000000083000000, 0x0000000100000000)
  region size 1M, 0 eden (0M), 2 survivor (2M), 9 old (9M), 0 humongous (0M), 19 free (19M)
}
Event: 9.893 {heap Before GC invocations=17 (full 0):
 garbage-first heap   total reserved 2048000K, committed 30720K, used 26243K [0x0000000083000000, 0x0000000100000000)
  region size 1M, 15 eden (15M), 2 survivor (2M), 9 old (9M), 0 humongous (0M), 4 free (4M)
}
Event: 9.907 {heap After GC invocations=18 (full 0):
 garbage-first heap   total reserved 2048000K, committed 30720K, used 12879K [0x0000000083000000, 0x0000000100000000)
  region size 1M, 0 eden (0M), 3 survivor (3M), 10 old (10M), 0 humongous (0M), 17 free (17M)
}
Event: 10.372 {heap Before GC invocations=18 (full 0):
 garbage-first heap   total reserved 2048000K, committed 30720K, used 25167K [0x0000000083000000, 0x0000000100000000)
  region size 1M, 12 eden (12M), 3 survivor (3M), 10 old (10M), 0 humongous (0M), 5 free (5M)
}
Event: 10.388 {heap After GC invocations=19 (full 0):
 garbage-first heap   total reserved 2048000K, committed 30720K, used 14548K [0x0000000083000000, 0x0000000100000000)
  region size 1M, 0 eden (0M), 2 survivor (2M), 13 old (13M), 0 humongous (0M), 15 free (15M)
}
Event: 10.679 {heap Before GC invocations=19 (full 0):
 garbage-first heap   total reserved 2048000K, committed 30720K, used 25812K [0x0000000083000000, 0x0000000100000000)
  region size 1M, 11 eden (11M), 2 survivor (2M), 13 old (13M), 0 humongous (0M), 4 free (4M)
}
Event: 10.685 {heap After GC invocations=20 (full 0):
 garbage-first heap   total reserved 2048000K, committed 30720K, used 14637K [0x0000000083000000, 0x0000000100000000)
  region size 1M, 0 eden (0M), 1 survivor (1M), 14 old (14M), 0 humongous (0M), 15 free (15M)
}
Event: 11.228 {heap Before GC invocations=20 (full 0):
 garbage-first heap   total reserved 2048000K, committed 30720K, used 25901K [0x0000000083000000, 0x0000000100000000)
  region size 1M, 11 eden (11M), 1 survivor (1M), 14 old (14M), 0 humongous (0M), 4 free (4M)
}
Event: 11.232 {heap After GC invocations=21 (full 0):
 garbage-first heap   total reserved 2048000K, committed 30720K, used 15189K [0x0000000083000000, 0x0000000100000000)
  region size 1M, 0 eden (0M), 1 survivor (1M), 14 old (14M), 0 humongous (0M), 15 free (15M)
}
Event: 11.634 {heap Before GC invocations=22 (full 0):
 garbage-first heap   total reserved 2048000K, committed 30720K, used 27477K [0x0000000083000000, 0x0000000100000000)
  region size 1M, 12 eden (12M), 1 survivor (1M), 14 old (14M), 0 humongous (0M), 3 free (3M)
}
Event: 11.642 {heap After GC invocations=23 (full 0):
 garbage-first heap   total reserved 2048000K, committed 92160K, used 16361K [0x0000000083000000, 0x0000000100000000)
  region size 1M, 0 eden (0M), 2 survivor (2M), 14 old (14M), 0 humongous (0M), 74 free (74M)
}

